0.004403255565427481
3 6
0.9844493166476443 pl
Forward rate -> 3.282210500259483e-06  fs^-1
0.9844414882407378 pl
Forward rate -> 3.2848159305372106e-06  fs^-1
0.9844446550303885 pl
Forward rate -> 3.2844567981293706e-06  fs^-1
0.9844649494057813 pl
Forward rate -> 3.2800391958905543e-06  fs^-1
0.9845448398691045 pl
Forward rate -> 3.2610588625125274e-06  fs^-1
0.98480212536914 pl
Forward rate -> 3.1933914914545966e-06  fs^-1
0.9853734823985777 pl
Forward rate -> 3.059578239754934e-06  fs^-1
0.9854382242919454 pl
Forward rate -> 3.048682553837356e-06  fs^-1
0.9849031833016175 pl
Forward rate -> 3.17554542118804e-06  fs^-1
0.9846784113314807 pl
Forward rate -> 3.229555004106423e-06  fs^-1
0.9847674576157124 pl
Forward rate -> 3.256429922138727e-06  fs^-1
0.9849737554012594 pl
Forward rate -> 3.274390427082006e-06  fs^-1
[[2.94056325e-06 3.28221050e-06]
 [2.94683923e-06 3.28481593e-06]
 [2.94500367e-06 3.28445680e-06]
 [2.93670424e-06 3.28003920e-06]
 [2.92581105e-06 3.26105886e-06]
 [2.90972211e-06 3.19339149e-06]
 [2.79345128e-06 3.05957824e-06]
 [2.80721542e-06 3.04868255e-06]
 [2.90330761e-06 3.17554542e-06]
 [2.92281457e-06 3.22955500e-06]
 [2.93990767e-06 3.25642992e-06]
 [2.94340908e-06 3.27439043e-06]]
0.9844493166476443
