[[9.96673096e-01+0.j 0.00000000e+00+0.j 0.00000000e+00+0.j]
 [0.00000000e+00+0.j 3.31587186e-03+0.j 0.00000000e+00+0.j]
 [0.00000000e+00+0.j 0.00000000e+00+0.j 1.10317076e-05+0.j]]
[2.07601886e-07 6.70000000e-07 1.21965114e-08]
[[0.4983 0.4983 0.     0.     0.     0.     0.     0.     0.     0.
  0.     0.     0.     0.     0.    ]
 [0.4983 0.4983 0.     0.     0.     0.     0.     0.     0.     0.
  0.     0.     0.     0.     0.    ]
 [0.     0.     0.     0.     0.     0.     0.     0.     0.     0.
  0.     0.     0.     0.     0.    ]
 [0.     0.     0.     0.     0.     0.     0.     0.     0.     0.
  0.     0.     0.     0.     0.    ]
 [0.     0.     0.     0.     0.     0.     0.     0.     0.     0.
  0.     0.     0.     0.     0.    ]
 [0.     0.     0.     0.     0.     0.0017 0.0017 0.     0.     0.
  0.     0.     0.     0.     0.    ]
 [0.     0.     0.     0.     0.     0.0017 0.0017 0.     0.     0.
  0.     0.     0.     0.     0.    ]
 [0.     0.     0.     0.     0.     0.     0.     0.     0.     0.
  0.     0.     0.     0.     0.    ]
 [0.     0.     0.     0.     0.     0.     0.     0.     0.     0.
  0.     0.     0.     0.     0.    ]
 [0.     0.     0.     0.     0.     0.     0.     0.     0.     0.
  0.     0.     0.     0.     0.    ]
 [0.     0.     0.     0.     0.     0.     0.     0.     0.     0.
  0.     0.     0.     0.     0.    ]
 [0.     0.     0.     0.     0.     0.     0.     0.     0.     0.
  0.     0.     0.     0.     0.    ]
 [0.     0.     0.     0.     0.     0.     0.     0.     0.     0.
  0.     0.     0.     0.     0.    ]
 [0.     0.     0.     0.     0.     0.     0.     0.     0.     0.
  0.     0.     0.     0.     0.    ]
 [0.     0.     0.     0.     0.     0.     0.     0.     0.     0.
  0.     0.     0.     0.     0.    ]]
Rxn frequency 1000.0
HO frequency 1189.7
DW-HO coupling matrix
Hamiltonian matrix
[[ 7.7250e+02  0.0000e+00  3.1300e+01  0.0000e+00  1.3300e+01 -0.0000e+00
  -4.3600e+01 -0.0000e+00 -9.5000e+00 -0.0000e+00  1.9500e+01  0.0000e+00
   0.0000e+00  0.0000e+00  0.0000e+00]
 [ 0.0000e+00  7.7510e+02 -0.0000e+00  3.3600e+01 -0.0000e+00 -4.3600e+01
   0.0000e+00 -9.8000e+00  0.0000e+00 -2.8000e+00  0.0000e+00  1.9500e+01
   0.0000e+00  0.0000e+00  0.0000e+00]
 [ 3.1300e+01 -0.0000e+00  1.8837e+03  0.0000e+00  3.0100e+01 -0.0000e+00
  -9.8000e+00 -0.0000e+00 -3.3800e+01 -0.0000e+00  0.0000e+00  0.0000e+00
   1.9500e+01  0.0000e+00  0.0000e+00]
 [ 0.0000e+00  3.3600e+01  0.0000e+00  1.9963e+03 -0.0000e+00 -9.5000e+00
   0.0000e+00 -3.3800e+01  0.0000e+00 -2.0500e+01  0.0000e+00  0.0000e+00
   0.0000e+00  1.9500e+01  0.0000e+00]
 [ 1.3300e+01 -0.0000e+00  3.0100e+01 -0.0000e+00  2.6483e+03 -0.0000e+00
  -2.8000e+00 -0.0000e+00 -2.0500e+01 -0.0000e+00  0.0000e+00  0.0000e+00
   0.0000e+00  0.0000e+00  1.9500e+01]
 [-0.0000e+00 -4.3600e+01 -0.0000e+00 -9.5000e+00 -0.0000e+00  1.9898e+03
   0.0000e+00  3.1300e+01  0.0000e+00  1.3300e+01 -0.0000e+00 -6.1700e+01
  -0.0000e+00 -1.3400e+01 -0.0000e+00]
 [-4.3600e+01  0.0000e+00 -9.8000e+00  0.0000e+00 -2.8000e+00  0.0000e+00
   1.9924e+03 -0.0000e+00  3.3600e+01 -0.0000e+00 -6.1700e+01  0.0000e+00
  -1.3800e+01  0.0000e+00 -4.0000e+00]
 [-0.0000e+00 -9.8000e+00 -0.0000e+00 -3.3800e+01 -0.0000e+00  3.1300e+01
  -0.0000e+00  3.1010e+03  0.0000e+00  3.0100e+01 -0.0000e+00 -1.3800e+01
  -0.0000e+00 -4.7700e+01 -0.0000e+00]
 [-9.5000e+00  0.0000e+00 -3.3800e+01  0.0000e+00 -2.0500e+01  0.0000e+00
   3.3600e+01  0.0000e+00  3.2136e+03 -0.0000e+00 -1.3400e+01  0.0000e+00
  -4.7700e+01  0.0000e+00 -2.8900e+01]
 [-0.0000e+00 -2.8000e+00 -0.0000e+00 -2.0500e+01 -0.0000e+00  1.3300e+01
  -0.0000e+00  3.0100e+01 -0.0000e+00  3.8657e+03 -0.0000e+00 -4.0000e+00
  -0.0000e+00 -2.8900e+01 -0.0000e+00]
 [ 1.9500e+01  0.0000e+00  0.0000e+00  0.0000e+00  0.0000e+00 -0.0000e+00
  -6.1700e+01 -0.0000e+00 -1.3400e+01 -0.0000e+00  3.2071e+03  0.0000e+00
   3.1300e+01  0.0000e+00  1.3300e+01]
 [ 0.0000e+00  1.9500e+01  0.0000e+00  0.0000e+00  0.0000e+00 -6.1700e+01
   0.0000e+00 -1.3800e+01  0.0000e+00 -4.0000e+00  0.0000e+00  3.2097e+03
  -0.0000e+00  3.3600e+01 -0.0000e+00]
 [ 0.0000e+00  0.0000e+00  1.9500e+01  0.0000e+00  0.0000e+00 -0.0000e+00
  -1.3800e+01 -0.0000e+00 -4.7700e+01 -0.0000e+00  3.1300e+01 -0.0000e+00
   4.3183e+03  0.0000e+00  3.0100e+01]
 [ 0.0000e+00  0.0000e+00  0.0000e+00  1.9500e+01  0.0000e+00 -1.3400e+01
   0.0000e+00 -4.7700e+01  0.0000e+00 -2.8900e+01  0.0000e+00  3.3600e+01
   0.0000e+00  4.4310e+03 -0.0000e+00]
 [ 0.0000e+00  0.0000e+00  0.0000e+00  0.0000e+00  1.9500e+01 -0.0000e+00
  -4.0000e+00 -0.0000e+00 -2.8900e+01 -0.0000e+00  1.3300e+01 -0.0000e+00
   3.0100e+01 -0.0000e+00  5.0830e+03]]
Rx
[[ -0.   -41.42  -0.    -9.01  -0.    -0.    -0.    -0.    -0.    -0.
   -0.    -0.    -0.    -0.    -0.  ]
 [-41.42   0.    -9.27   0.    -2.69  -0.     0.    -0.     0.    -0.
   -0.     0.    -0.     0.    -0.  ]
 [ -0.    -9.27  -0.   -32.03  -0.    -0.    -0.    -0.    -0.    -0.
   -0.    -0.    -0.    -0.    -0.  ]
 [ -9.01   0.   -32.03   0.   -19.41  -0.     0.    -0.     0.    -0.
   -0.     0.    -0.     0.    -0.  ]
 [ -0.    -2.69  -0.   -19.41  -0.    -0.    -0.    -0.    -0.    -0.
   -0.    -0.    -0.    -0.    -0.  ]
 [ -0.    -0.    -0.    -0.    -0.    -0.   -41.42  -0.    -9.01  -0.
   -0.    -0.    -0.    -0.    -0.  ]
 [ -0.     0.    -0.     0.    -0.   -41.42   0.    -9.27   0.    -2.69
   -0.     0.    -0.     0.    -0.  ]
 [ -0.    -0.    -0.    -0.    -0.    -0.    -9.27  -0.   -32.03  -0.
   -0.    -0.    -0.    -0.    -0.  ]
 [ -0.     0.    -0.     0.    -0.    -9.01   0.   -32.03   0.   -19.41
   -0.     0.    -0.     0.    -0.  ]
 [ -0.    -0.    -0.    -0.    -0.    -0.    -2.69  -0.   -19.41  -0.
   -0.    -0.    -0.    -0.    -0.  ]
 [ -0.    -0.    -0.    -0.    -0.    -0.    -0.    -0.    -0.    -0.
   -0.   -41.42  -0.    -9.01  -0.  ]
 [ -0.     0.    -0.     0.    -0.    -0.     0.    -0.     0.    -0.
  -41.42   0.    -9.27   0.    -2.69]
 [ -0.    -0.    -0.    -0.    -0.    -0.    -0.    -0.    -0.    -0.
   -0.    -9.27  -0.   -32.03  -0.  ]
 [ -0.     0.    -0.     0.    -0.    -0.     0.    -0.     0.    -0.
   -9.01   0.   -32.03   0.   -19.41]
 [ -0.    -0.    -0.    -0.    -0.    -0.    -0.    -0.    -0.    -0.
   -0.    -2.69  -0.   -19.41  -0.  ]]
Ry
[[ 0.    0.    0.    0.    0.    9.6   0.    0.    0.    0.    0.    0.
   0.    0.    0.  ]
 [ 0.    0.    0.    0.    0.    0.    9.6   0.    0.    0.    0.    0.
   0.    0.    0.  ]
 [ 0.    0.    0.    0.    0.    0.    0.    9.6   0.    0.    0.    0.
   0.    0.    0.  ]
 [ 0.    0.    0.    0.    0.    0.    0.    0.    9.6   0.    0.    0.
   0.    0.    0.  ]
 [ 0.    0.    0.    0.    0.    0.    0.    0.    0.    9.6   0.    0.
   0.    0.    0.  ]
 [ 9.6   0.    0.    0.    0.    0.    0.    0.    0.    0.   13.58  0.
   0.    0.    0.  ]
 [ 0.    9.6   0.    0.    0.    0.    0.    0.    0.    0.    0.   13.58
   0.    0.    0.  ]
 [ 0.    0.    9.6   0.    0.    0.    0.    0.    0.    0.    0.    0.
  13.58  0.    0.  ]
 [ 0.    0.    0.    9.6   0.    0.    0.    0.    0.    0.    0.    0.
   0.   13.58  0.  ]
 [ 0.    0.    0.    0.    9.6   0.    0.    0.    0.    0.    0.    0.
   0.    0.   13.58]
 [ 0.    0.    0.    0.    0.   13.58  0.    0.    0.    0.    0.    0.
   0.    0.    0.  ]
 [ 0.    0.    0.    0.    0.    0.   13.58  0.    0.    0.    0.    0.
   0.    0.    0.  ]
 [ 0.    0.    0.    0.    0.    0.    0.   13.58  0.    0.    0.    0.
   0.    0.    0.  ]
 [ 0.    0.    0.    0.    0.    0.    0.    0.   13.58  0.    0.    0.
   0.    0.    0.  ]
 [ 0.    0.    0.    0.    0.    0.    0.    0.    0.   13.58  0.    0.
   0.    0.    0.  ]]
[   0. +0.j 1189.7+0.j 2379.4+0.j]
[ 675.13910644  677.18981485 1818.16577163 1913.51971955]
3 5
280
(2999, 4)
290
(2999, 4)
300
(2999, 4)
310
(2999, 4)
320
(2999, 4)
330
(2999, 4)
0
1
2
3
4
5
