slurmstepd: error: Unable to create TMPDIR [/local_scratch/25231687]: Permission denied
slurmstepd: error: Setting TMPDIR to /tmp
/software/anaconda3/2020.11/lib/python3.8/site-packages/numba/core/ir_utils.py:2031: NumbaPendingDeprecationWarning: [1m
Encountered the use of a type that is scheduled for deprecation: type 'reflected list' found for argument 'std_comb' of function 'dev_scan'.

For more information visit https://numba.pydata.org/numba-doc/latest/reference/deprecation.html#deprecation-of-reflection-for-list-and-set-types
[1m
File "../../../../../../../../../../../var/spool/slurm/job25231694/slurm_script", line 105:[0m
[1m@nb.jit(nopython=True, fastmath=True)
[1mdef dev_scan(std_comb, TaskArray, nrank, omega_s, Psis, Ps, Nq, dw, samples):
[0m[1m^[0m[0m
[0m
  warnings.warn(NumbaPendingDeprecationWarning(msg, loc=loc))
Traceback (most recent call last):
  File "/var/spool/slurm/job25231694/slurm_script", line 227, in <module>
    rates, Jeff, dist_wQ = dev_scan(std_wQ, TaskArray, nrank, omega_s, Psis, Ps, Nq, dw, sample)
  File "/software/anaconda3/2020.11/lib/python3.8/site-packages/numba/core/dispatcher.py", line 415, in _compile_for_args
    error_rewrite(e, 'typing')
  File "/software/anaconda3/2020.11/lib/python3.8/site-packages/numba/core/dispatcher.py", line 358, in error_rewrite
    reraise(type(e), e, None)
  File "/software/anaconda3/2020.11/lib/python3.8/site-packages/numba/core/utils.py", line 80, in reraise
    raise value.with_traceback(tb)
numba.core.errors.TypingError: Failed in nopython mode pipeline (step: nopython frontend)
[1m[1mNo implementation of function Function(<built-in function getitem>) found for signature:
 
 >>> getitem(array(float64, 1d, C), float64)
 
There are 22 candidate implementations:
[1m   - Of which 20 did not match due to:
   Overload of function 'getitem': File: <numerous>: Line N/A.
     With argument(s): '(array(float64, 1d, C), float64)':[0m
[1m    No match.[0m
[1m   - Of which 2 did not match due to:
   Overload in function 'GetItemBuffer.generic': File: numba/core/typing/arraydecl.py: Line 162.
     With argument(s): '(array(float64, 1d, C), float64)':[0m
[1m    Rejected as the implementation raised a specific error:
      TypeError: unsupported array index type float64 in [float64][0m
  raised from /software/anaconda3/2020.11/lib/python3.8/site-packages/numba/core/typing/arraydecl.py:68
[0m
[0m[1mDuring: typing of intrinsic-call at /var/spool/slurm/job25231694/slurm_script (117)[0m
[1m
File "../../../../../../../../../../../var/spool/slurm/job25231694/slurm_script", line 117:[0m
[1mdef dev_scan(std_comb, TaskArray, nrank, omega_s, Psis, Ps, Nq, dw, samples):
    <source elided>
        dist_wQ = np.zeros(Nq)                                  # wQ distribution
[1m        stdWQ = std_comb[TaskArray[n]]                          # standard deviation of wQ
[0m        [1m^[0m[0m

